{"C:\\Users\\ascen\\OneDrive\\Documents\\MatarikiProgram\\src\\utils\\closestFriday.ts": {"path":"C:\\Users\\ascen\\OneDrive\\Documents\\MatarikiProgram\\src\\utils\\closestFriday.ts","statementMap":{"0":{"start":{"line":7,"column":30},"end":{"line":7,"column":48}},"1":{"start":{"line":9,"column":31},"end":{"line":9,"column":77}},"2":{"start":{"line":10,"column":4},"end":{"line":10,"column":60}},"3":{"start":{"line":12,"column":4},"end":{"line":12,"column":23}},"4":{"start":{"line":6,"column":0},"end":{"line":6,"column":24}},"5":{"start":{"line":27,"column":4},"end":{"line":31,"column":null}},"6":{"start":{"line":28,"column":8},"end":{"line":28,"column":43}},"7":{"start":{"line":30,"column":8},"end":{"line":30,"column":27}},"8":{"start":{"line":22,"column":0},"end":{"line":22,"column":16}}},"fnMap":{"0":{"name":"closestFriday","decl":{"start":{"line":6,"column":24},"end":{"line":6,"column":37}},"loc":{"start":{"line":6,"column":52},"end":{"line":13,"column":1}}},"1":{"name":"getDifferenceBetweenDays","decl":{"start":{"line":22,"column":16},"end":{"line":22,"column":40}},"loc":{"start":{"line":25,"column":26},"end":{"line":32,"column":1}}}},"branchMap":{"0":{"loc":{"start":{"line":25,"column":4},"end":{"line":25,"column":26}},"type":"default-arg","locations":[{"start":{"line":25,"column":25},"end":{"line":25,"column":26}}]},"1":{"loc":{"start":{"line":27,"column":4},"end":{"line":31,"column":null}},"type":"if","locations":[{"start":{"line":27,"column":4},"end":{"line":31,"column":null}},{"start":{"line":29,"column":11},"end":{"line":31,"column":null}}]}},"s":{"0":1,"1":1,"2":1,"3":1,"4":1,"5":1,"6":0,"7":1,"8":1},"f":{"0":1,"1":1},"b":{"0":[1],"1":[0,1]}}
,"C:\\Users\\ascen\\OneDrive\\Documents\\MatarikiProgram\\src\\utils\\getMatariki.ts": {"path":"C:\\Users\\ascen\\OneDrive\\Documents\\MatarikiProgram\\src\\utils\\getMatariki.ts","statementMap":{"0":{"start":{"line":2,"column":0},"end":{"line":2,"column":44}},"1":{"start":{"line":3,"column":0},"end":{"line":3,"column":26}},"2":{"start":{"line":16,"column":26},"end":{"line":16,"column":71}},"3":{"start":{"line":23,"column":8},"end":{"line":23,"column":65}},"4":{"start":{"line":25,"column":4},"end":{"line":28,"column":6}},"5":{"start":{"line":11,"column":0},"end":{"line":11,"column":24}}},"fnMap":{"0":{"name":"getMatariki","decl":{"start":{"line":11,"column":24},"end":{"line":11,"column":35}},"loc":{"start":{"line":11,"column":48},"end":{"line":29,"column":1}}}},"branchMap":{"0":{"loc":{"start":{"line":23,"column":8},"end":{"line":23,"column":65}},"type":"cond-expr","locations":[{"start":{"line":23,"column":33},"end":{"line":23,"column":40}},{"start":{"line":23,"column":43},"end":{"line":23,"column":65}}]}},"s":{"0":1,"1":1,"2":1,"3":1,"4":1,"5":1},"f":{"0":1},"b":{"0":[0,1]}}
}
